<?xml version="1.0" encoding="UTF-8"?>
<!-- Generated by org.testng.reporters.JUnitReportReporter -->
<testsuite hostname="DANISH" failures="0" tests="1" name="com.crm.comcast.campaignTest.CreateCampaignWithProductTest" time="21.188" errors="0" timestamp="2022-06-09T17:37:06 IST" skipped="0">
  <testcase classname="com.crm.comcast.campaignTest.CreateCampaignWithProductTest" name="createCampProduct" time="21.188"/>
  <system-out/>
</testsuite> <!-- com.crm.comcast.campaignTest.CreateCampaignWithProductTest -->
