<?xml version="1.0" encoding="UTF-8"?>
<!-- Generated by org.testng.reporters.JUnitReportReporter -->
<testsuite hostname="DANISH" failures="0" tests="3" name="practice.DataProviderFromExcel" time="0.010" errors="0" timestamp="2022-06-11T11:33:26 IST" skipped="0">
  <testcase classname="practice.DataProviderFromExcel" name="bookticket" time="0.001"/>
  <system-out/>
  <testcase classname="practice.DataProviderFromExcel" name="bookticket" time="0.007"/>
  <system-out/>
  <testcase classname="practice.DataProviderFromExcel" name="bookticket" time="0.002"/>
  <system-out/>
</testsuite> <!-- practice.DataProviderFromExcel -->
