<?xml version="1.0" encoding="UTF-8"?>
<!-- Generated by org.testng.reporters.JUnitReportReporter -->
<testsuite hostname="DANISH" failures="0" tests="3" name="practice.DataProviderWithoutDDT" time="0.007" errors="0" timestamp="2022-06-11T10:55:43 IST" skipped="0">
  <testcase classname="practice.DataProviderWithoutDDT" name="bookticket" time="0.005"/>
  <system-out/>
  <testcase classname="practice.DataProviderWithoutDDT" name="bookticket" time="0.001"/>
  <system-out/>
  <testcase classname="practice.DataProviderWithoutDDT" name="bookticket" time="0.001"/>
  <system-out/>
</testsuite> <!-- practice.DataProviderWithoutDDT -->
