<?xml version="1.0" encoding="UTF-8"?>
<!-- Generated by org.testng.reporters.JUnitReportReporter -->
<testsuite hostname="DANISH" failures="0" tests="2" name="practice.DemoTest" time="18.293" errors="0" timestamp="2022-06-09T17:06:59 IST" skipped="0">
  <testcase classname="practice.DemoTest" name="createCampaign" time="9.163"/>
  <system-out/>
  <testcase classname="practice.DemoTest" name="createOrg" time="9.130"/>
  <system-out/>
</testsuite> <!-- practice.DemoTest -->
