<?xml version="1.0" encoding="UTF-8"?>
<!-- Generated by org.testng.reporters.JUnitReportReporter -->
<testsuite hostname="DANISH" failures="0" tests="2" name="com.crm.comcast.contactTest.DeleteContactTest" time="29.852" errors="0" timestamp="2022-06-10T09:59:30 IST" skipped="0">
  <testcase classname="com.crm.comcast.contactTest.DeleteContactTest" name="deleteContact" time="16.095"/>
  <system-out/>
  <testcase classname="com.crm.comcast.contactTest.DeleteContactTest" name="deleteContact" time="13.757"/>
  <system-out/>
</testsuite> <!-- com.crm.comcast.contactTest.DeleteContactTest -->
