<?xml version="1.0" encoding="UTF-8"?>
<!-- Generated by org.testng.reporters.JUnitReportReporter -->
<testsuite hostname="DANISH" failures="0" tests="1" name="com.crm.comcast.campaignTest.CreateCampaignTest" time="14.711" errors="0" timestamp="2022-06-09T17:37:06 IST" skipped="0">
  <testcase classname="com.crm.comcast.campaignTest.CreateCampaignTest" name="createCampaign" time="14.711"/>
  <system-out/>
</testsuite> <!-- com.crm.comcast.campaignTest.CreateCampaignTest -->
