<?xml version="1.0" encoding="UTF-8"?>
<!-- Generated by org.testng.reporters.JUnitReportReporter -->
<testsuite hostname="DANISH" failures="0" tests="1" name="com.crm.comcast.organizationTest.CreateOrgTest" time="27.231" errors="0" timestamp="2022-06-11T12:33:00 IST" skipped="0">
  <testcase classname="com.crm.comcast.organizationTest.CreateOrgTest" name="createOrg" time="27.231"/>
  <system-out/>
</testsuite> <!-- com.crm.comcast.organizationTest.CreateOrgTest -->
